current directory: /home/wojciech/development/module 2/sinatra/sinatra-views-lab-london-web-010620/bundle/ruby/2.6.0/gems/eventmachine-1.2.7/ext/fastfilereader
/usr/share/rvm/rubies/ruby-2.6.1/bin/ruby -I /usr/share/rvm/rubies/ruby-2.6.1/lib/ruby/site_ruby/2.6.0 -r ./siteconf20200128-16231-1g6v1xy.rb extconf.rb
creating Makefile

current directory: /home/wojciech/development/module 2/sinatra/sinatra-views-lab-london-web-010620/bundle/ruby/2.6.0/gems/eventmachine-1.2.7/ext/fastfilereader
make "DESTDIR=" clean

current directory: /home/wojciech/development/module 2/sinatra/sinatra-views-lab-london-web-010620/bundle/ruby/2.6.0/gems/eventmachine-1.2.7/ext/fastfilereader
make "DESTDIR="
compiling mapper.cpp
cc1plus: warning: command line option ‘-Wdeclaration-after-statement’ is valid for C/ObjC but not for C++
cc1plus: warning: command line option ‘-Wimplicit-function-declaration’ is valid for C/ObjC but not for C++
cc1plus: warning: command line option ‘-Wimplicit-int’ is valid for C/ObjC but not for C++
cc1plus: warning: unrecognized command line option ‘-Wno-self-assign’
cc1plus: warning: unrecognized command line option ‘-Wno-parentheses-equality’
cc1plus: warning: unrecognized command line option ‘-Wno-constant-logical-operand’
cc1plus: warning: unrecognized command line option ‘-Wno-cast-function-type’
compiling rubymain.cpp
cc1plus: warning: command line option ‘-Wdeclaration-after-statement’ is valid for C/ObjC but not for C++
cc1plus: warning: command line option ‘-Wimplicit-function-declaration’ is valid for C/ObjC but not for C++
cc1plus: warning: command line option ‘-Wimplicit-int’ is valid for C/ObjC but not for C++
cc1plus: warning: unrecognized command line option ‘-Wno-self-assign’
cc1plus: warning: unrecognized command line option ‘-Wno-parentheses-equality’
cc1plus: warning: unrecognized command line option ‘-Wno-constant-logical-operand’
cc1plus: warning: unrecognized command line option ‘-Wno-cast-function-type’
linking shared-object fastfilereaderext.so

current directory: /home/wojciech/development/module 2/sinatra/sinatra-views-lab-london-web-010620/bundle/ruby/2.6.0/gems/eventmachine-1.2.7/ext/fastfilereader
make "DESTDIR=" install
/usr/bin/install -m 0755 fastfilereaderext.so ./.gem.20200128-16231-uec1om
